<?xml version="1.0" encoding="UTF-8"?>
<coverage generated="1678484438031" clover="3.2.0">
  <project timestamp="1678484438031" name="All files">
    <metrics statements="34" coveredstatements="34" conditionals="4" coveredconditionals="4" methods="7" coveredmethods="7" elements="45" coveredelements="45" complexity="0" loc="34" ncloc="34" packages="1" files="1" classes="1"/>
    <file name="index.ts" path="/Users/peavey/Projects/scoby/analytics-ts/src/index.ts">
      <metrics statements="34" coveredstatements="34" conditionals="4" coveredconditionals="4" methods="7" coveredmethods="7"/>
      <line num="1" count="1" type="stmt"/>
      <line num="2" count="1" type="stmt"/>
      <line num="3" count="1" type="stmt"/>
      <line num="13" count="1" type="stmt"/>
      <line num="16" count="6" type="stmt"/>
      <line num="17" count="6" type="stmt"/>
      <line num="18" count="6" type="stmt"/>
      <line num="21" count="1" type="stmt"/>
      <line num="22" count="5" type="stmt"/>
      <line num="23" count="5" type="stmt"/>
      <line num="26" count="1" type="stmt"/>
      <line num="27" count="15" type="stmt"/>
      <line num="28" count="5" type="cond" truecount="1" falsecount="0"/>
      <line num="29" count="1" type="stmt"/>
      <line num="32" count="4" type="stmt"/>
      <line num="35" count="1" type="stmt"/>
      <line num="36" count="6" type="stmt"/>
      <line num="37" count="6" type="stmt"/>
      <line num="38" count="6" type="cond" truecount="1" falsecount="0"/>
      <line num="39" count="6" type="stmt"/>
      <line num="41" count="6" type="stmt"/>
      <line num="44" count="1" type="stmt"/>
      <line num="45" count="5" type="stmt"/>
      <line num="47" count="5" type="stmt"/>
      <line num="53" count="5" type="cond" truecount="1" falsecount="0"/>
      <line num="54" count="1" type="stmt"/>
      <line num="57" count="5" type="stmt"/>
      <line num="62" count="5" type="stmt"/>
      <line num="71" count="5" type="stmt"/>
      <line num="72" count="1" type="stmt"/>
      <line num="74" count="4" type="cond" truecount="1" falsecount="0"/>
      <line num="75" count="3" type="stmt"/>
      <line num="77" count="1" type="stmt"/>
      <line num="79" count="1" type="stmt"/>
    </file>
  </project>
</coverage>
