<?xml version="1.0" encoding="UTF-8"?>
<coverage generated="1668250160958" clover="3.2.0">
  <project timestamp="1668250160958" name="All files">
    <metrics statements="26" coveredstatements="26" conditionals="3" coveredconditionals="3" methods="6" coveredmethods="6" elements="35" coveredelements="35" complexity="0" loc="26" ncloc="26" packages="1" files="1" classes="1"/>
    <file name="index.ts" path="/Users/peavey/Projects/scoby/analytics-ts/src/index.ts">
      <metrics statements="26" coveredstatements="26" conditionals="3" coveredconditionals="3" methods="6" coveredmethods="6"/>
      <line num="1" count="1" type="stmt"/>
      <line num="2" count="1" type="stmt"/>
      <line num="3" count="1" type="stmt"/>
      <line num="13" count="1" type="stmt"/>
      <line num="16" count="6" type="stmt"/>
      <line num="17" count="6" type="stmt"/>
      <line num="20" count="1" type="stmt"/>
      <line num="21" count="5" type="stmt"/>
      <line num="24" count="1" type="stmt"/>
      <line num="25" count="15" type="stmt"/>
      <line num="26" count="5" type="cond" truecount="1" falsecount="0"/>
      <line num="27" count="1" type="stmt"/>
      <line num="30" count="4" type="stmt"/>
      <line num="33" count="1" type="stmt"/>
      <line num="34" count="5" type="stmt"/>
      <line num="36" count="5" type="stmt"/>
      <line num="42" count="5" type="cond" truecount="1" falsecount="0"/>
      <line num="43" count="1" type="stmt"/>
      <line num="46" count="5" type="stmt"/>
      <line num="51" count="5" type="stmt"/>
      <line num="57" count="5" type="stmt"/>
      <line num="58" count="1" type="stmt"/>
      <line num="60" count="4" type="cond" truecount="1" falsecount="0"/>
      <line num="61" count="3" type="stmt"/>
      <line num="63" count="1" type="stmt"/>
      <line num="65" count="1" type="stmt"/>
    </file>
  </project>
</coverage>
