{"/Users/peavey/Projects/scoby/analytics-ts/src/index.ts": {"path":"/Users/peavey/Projects/scoby/analytics-ts/src/index.ts","statementMap":{"0":{"start":{"line":1,"column":0},"end":{"line":1,"column":22}},"1":{"start":{"line":2,"column":0},"end":{"line":2,"column":54}},"2":{"start":{"line":3,"column":0},"end":{"line":3,"column":36}},"3":{"start":{"line":13,"column":0},"end":{"line":13,"column":13}},"4":{"start":{"line":16,"column":22},"end":{"line":16,"column":36}},"5":{"start":{"line":16,"column":55},"end":{"line":16,"column":67}},"6":{"start":{"line":17,"column":4},"end":{"line":17,"column":33}},"7":{"start":{"line":18,"column":4},"end":{"line":18,"column":50}},"8":{"start":{"line":21,"column":10},"end":{"line":24,"column":null}},"9":{"start":{"line":22,"column":17},"end":{"line":22,"column":48}},"10":{"start":{"line":23,"column":4},"end":{"line":23,"column":66}},"11":{"start":{"line":26,"column":10},"end":{"line":33,"column":null}},"12":{"start":{"line":27,"column":48},"end":{"line":27,"column":57}},"13":{"start":{"line":28,"column":4},"end":{"line":30,"column":null}},"14":{"start":{"line":29,"column":6},"end":{"line":29,"column":58}},"15":{"start":{"line":32,"column":4},"end":{"line":32,"column":67}},"16":{"start":{"line":35,"column":10},"end":{"line":42,"column":null}},"17":{"start":{"line":36,"column":19},"end":{"line":36,"column":52}},"18":{"start":{"line":37,"column":18},"end":{"line":37,"column":53}},"19":{"start":{"line":38,"column":4},"end":{"line":40,"column":null}},"20":{"start":{"line":39,"column":6},"end":{"line":39,"column":55}},"21":{"start":{"line":41,"column":4},"end":{"line":41,"column":30}},"22":{"start":{"line":44,"column":15},"end":{"line":78,"column":null}},"23":{"start":{"line":45,"column":12},"end":{"line":45,"column":54}},"24":{"start":{"line":47,"column":10},"end":{"line":51,"column":6}},"25":{"start":{"line":53,"column":4},"end":{"line":55,"column":null}},"26":{"start":{"line":54,"column":6},"end":{"line":54,"column":40}},"27":{"start":{"line":57,"column":10},"end":{"line":60,"column":7}},"28":{"start":{"line":62,"column":10},"end":{"line":69,"column":6}},"29":{"start":{"line":71,"column":27},"end":{"line":73,"column":null}},"30":{"start":{"line":72,"column":6},"end":{"line":72,"column":65}},"31":{"start":{"line":71,"column":12},"end":{"line":71,"column":27}},"32":{"start":{"line":74,"column":4},"end":{"line":76,"column":null}},"33":{"start":{"line":75,"column":6},"end":{"line":75,"column":18}},"34":{"start":{"line":77,"column":4},"end":{"line":77,"column":75}},"35":{"start":{"line":79,"column":0},"end":{"line":79,"column":null}},"36":{"start":{"line":13,"column":13},"end":{"line":13,"column":19}}},"fnMap":{"0":{"name":"(anonymous_14)","decl":{"start":{"line":13,"column":0},"end":{"line":13,"column":13}},"loc":{"start":{"line":13,"column":0},"end":{"line":79,"column":null}}},"1":{"name":"Client","decl":{"start":{"line":16,"column":2},"end":{"line":16,"column":22}},"loc":{"start":{"line":16,"column":67},"end":{"line":19,"column":3}}},"2":{"name":"(anonymous_16)","decl":{"start":{"line":21,"column":2},"end":{"line":21,"column":10}},"loc":{"start":{"line":21,"column":28},"end":{"line":24,"column":3}}},"3":{"name":"(anonymous_17)","decl":{"start":{"line":26,"column":2},"end":{"line":26,"column":10}},"loc":{"start":{"line":26,"column":41},"end":{"line":33,"column":3}}},"4":{"name":"(anonymous_18)","decl":{"start":{"line":35,"column":2},"end":{"line":35,"column":10}},"loc":{"start":{"line":35,"column":2},"end":{"line":42,"column":3}}},"5":{"name":"(anonymous_19)","decl":{"start":{"line":44,"column":2},"end":{"line":44,"column":15}},"loc":{"start":{"line":44,"column":45},"end":{"line":78,"column":null}}},"6":{"name":"(anonymous_22)","decl":{"start":{"line":71,"column":57},"end":{"line":71,"column":58}},"loc":{"start":{"line":71,"column":63},"end":{"line":73,"column":5}}}},"branchMap":{"0":{"loc":{"start":{"line":28,"column":4},"end":{"line":30,"column":null}},"type":"if","locations":[{"start":{"line":28,"column":4},"end":{"line":30,"column":null}}]},"1":{"loc":{"start":{"line":38,"column":4},"end":{"line":40,"column":null}},"type":"if","locations":[{"start":{"line":38,"column":4},"end":{"line":40,"column":null}}]},"2":{"loc":{"start":{"line":53,"column":4},"end":{"line":55,"column":null}},"type":"if","locations":[{"start":{"line":53,"column":4},"end":{"line":55,"column":null}}]},"3":{"loc":{"start":{"line":74,"column":4},"end":{"line":76,"column":null}},"type":"if","locations":[{"start":{"line":74,"column":4},"end":{"line":76,"column":null}}]}},"s":{"0":1,"1":1,"2":1,"3":1,"4":6,"5":6,"6":6,"7":6,"8":1,"9":5,"10":5,"11":1,"12":15,"13":5,"14":1,"15":4,"16":1,"17":6,"18":6,"19":6,"20":6,"21":6,"22":1,"23":5,"24":5,"25":5,"26":1,"27":5,"28":5,"29":5,"30":1,"31":5,"32":4,"33":3,"34":1,"35":1,"36":1},"f":{"0":1,"1":6,"2":5,"3":5,"4":6,"5":5,"6":1},"b":{"0":[1],"1":[6],"2":[1],"3":[3]}}
}
