{"/Users/peavey/Projects/scoby/analytics-ts/src/index.ts": {"path":"/Users/peavey/Projects/scoby/analytics-ts/src/index.ts","statementMap":{"0":{"start":{"line":1,"column":0},"end":{"line":1,"column":22}},"1":{"start":{"line":2,"column":0},"end":{"line":2,"column":54}},"2":{"start":{"line":3,"column":0},"end":{"line":3,"column":36}},"3":{"start":{"line":13,"column":0},"end":{"line":13,"column":13}},"4":{"start":{"line":16,"column":22},"end":{"line":16,"column":35}},"5":{"start":{"line":17,"column":4},"end":{"line":17,"column":50}},"6":{"start":{"line":20,"column":10},"end":{"line":22,"column":null}},"7":{"start":{"line":21,"column":4},"end":{"line":21,"column":60}},"8":{"start":{"line":24,"column":10},"end":{"line":31,"column":null}},"9":{"start":{"line":25,"column":48},"end":{"line":25,"column":57}},"10":{"start":{"line":26,"column":4},"end":{"line":28,"column":null}},"11":{"start":{"line":27,"column":6},"end":{"line":27,"column":58}},"12":{"start":{"line":30,"column":4},"end":{"line":30,"column":67}},"13":{"start":{"line":33,"column":15},"end":{"line":64,"column":null}},"14":{"start":{"line":34,"column":12},"end":{"line":34,"column":54}},"15":{"start":{"line":36,"column":10},"end":{"line":40,"column":6}},"16":{"start":{"line":42,"column":4},"end":{"line":44,"column":null}},"17":{"start":{"line":43,"column":6},"end":{"line":43,"column":40}},"18":{"start":{"line":46,"column":10},"end":{"line":49,"column":7}},"19":{"start":{"line":51,"column":10},"end":{"line":55,"column":6}},"20":{"start":{"line":57,"column":27},"end":{"line":59,"column":null}},"21":{"start":{"line":58,"column":6},"end":{"line":58,"column":65}},"22":{"start":{"line":57,"column":12},"end":{"line":57,"column":27}},"23":{"start":{"line":60,"column":4},"end":{"line":62,"column":null}},"24":{"start":{"line":61,"column":6},"end":{"line":61,"column":18}},"25":{"start":{"line":63,"column":4},"end":{"line":63,"column":75}},"26":{"start":{"line":65,"column":0},"end":{"line":65,"column":null}},"27":{"start":{"line":13,"column":13},"end":{"line":13,"column":19}}},"fnMap":{"0":{"name":"(anonymous_14)","decl":{"start":{"line":13,"column":0},"end":{"line":13,"column":13}},"loc":{"start":{"line":13,"column":0},"end":{"line":65,"column":null}}},"1":{"name":"Client","decl":{"start":{"line":16,"column":2},"end":{"line":16,"column":22}},"loc":{"start":{"line":16,"column":35},"end":{"line":18,"column":3}}},"2":{"name":"(anonymous_16)","decl":{"start":{"line":20,"column":2},"end":{"line":20,"column":10}},"loc":{"start":{"line":20,"column":28},"end":{"line":22,"column":3}}},"3":{"name":"(anonymous_17)","decl":{"start":{"line":24,"column":2},"end":{"line":24,"column":10}},"loc":{"start":{"line":24,"column":41},"end":{"line":31,"column":3}}},"4":{"name":"(anonymous_18)","decl":{"start":{"line":33,"column":2},"end":{"line":33,"column":15}},"loc":{"start":{"line":33,"column":45},"end":{"line":64,"column":null}}},"5":{"name":"(anonymous_21)","decl":{"start":{"line":57,"column":57},"end":{"line":57,"column":58}},"loc":{"start":{"line":57,"column":63},"end":{"line":59,"column":5}}}},"branchMap":{"0":{"loc":{"start":{"line":26,"column":4},"end":{"line":28,"column":null}},"type":"if","locations":[{"start":{"line":26,"column":4},"end":{"line":28,"column":null}}]},"1":{"loc":{"start":{"line":42,"column":4},"end":{"line":44,"column":null}},"type":"if","locations":[{"start":{"line":42,"column":4},"end":{"line":44,"column":null}}]},"2":{"loc":{"start":{"line":60,"column":4},"end":{"line":62,"column":null}},"type":"if","locations":[{"start":{"line":60,"column":4},"end":{"line":62,"column":null}}]}},"s":{"0":1,"1":1,"2":1,"3":1,"4":6,"5":6,"6":1,"7":5,"8":1,"9":15,"10":5,"11":1,"12":4,"13":1,"14":5,"15":5,"16":5,"17":1,"18":5,"19":5,"20":5,"21":1,"22":5,"23":4,"24":3,"25":1,"26":1,"27":1},"f":{"0":1,"1":6,"2":5,"3":5,"4":5,"5":1},"b":{"0":[1],"1":[1],"2":[3]}}
}
