TN:
SF:src/index.ts
FN:13,(anonymous_14)
FN:16,Client
FN:20,(anonymous_16)
FN:24,(anonymous_17)
FN:33,(anonymous_18)
FN:57,(anonymous_21)
FNF:6
FNH:6
FNDA:1,(anonymous_14)
FNDA:6,Client
FNDA:5,(anonymous_16)
FNDA:5,(anonymous_17)
FNDA:5,(anonymous_18)
FNDA:1,(anonymous_21)
DA:1,1
DA:2,1
DA:3,1
DA:13,1
DA:16,6
DA:17,6
DA:20,1
DA:21,5
DA:24,1
DA:25,15
DA:26,5
DA:27,1
DA:30,4
DA:33,1
DA:34,5
DA:36,5
DA:42,5
DA:43,1
DA:46,5
DA:51,5
DA:57,5
DA:58,1
DA:60,4
DA:61,3
DA:63,1
DA:65,1
LF:26
LH:26
BRDA:26,0,0,1
BRDA:42,1,0,1
BRDA:60,2,0,3
BRF:3
BRH:3
end_of_record
