TN:
SF:src/index.ts
FN:13,(anonymous_14)
FN:16,Client
FN:21,(anonymous_16)
FN:26,(anonymous_17)
FN:35,(anonymous_18)
FN:44,(anonymous_19)
FN:71,(anonymous_22)
FNF:7
FNH:7
FNDA:1,(anonymous_14)
FNDA:6,Client
FNDA:5,(anonymous_16)
FNDA:5,(anonymous_17)
FNDA:6,(anonymous_18)
FNDA:5,(anonymous_19)
FNDA:1,(anonymous_22)
DA:1,1
DA:2,1
DA:3,1
DA:13,1
DA:16,6
DA:17,6
DA:18,6
DA:21,1
DA:22,5
DA:23,5
DA:26,1
DA:27,15
DA:28,5
DA:29,1
DA:32,4
DA:35,1
DA:36,6
DA:37,6
DA:38,6
DA:39,6
DA:41,6
DA:44,1
DA:45,5
DA:47,5
DA:53,5
DA:54,1
DA:57,5
DA:62,5
DA:71,5
DA:72,1
DA:74,4
DA:75,3
DA:77,1
DA:79,1
LF:34
LH:34
BRDA:28,0,0,1
BRDA:38,1,0,6
BRDA:53,2,0,1
BRDA:74,3,0,3
BRF:4
BRH:4
end_of_record
